<component name="libraryTable">
  <library name="junit">
    <CLASSES>
      <root url="jar://$PROJECT_DIR$/../../appz/eclipse/plugins/org.junit_4.12.0.v201504281640/junit.jar!/" />
      <root url="jar://$PROJECT_DIR$/../../appz/eclipse/plugins/org.hamcrest.core_1.3.0.v20180420-1519.jar!/" />
    </CLASSES>
    <JAVADOC />
    <SOURCES />
  </library>
</component>